<?xml version="1.0" encoding="UTF-8"?>
<!-- Generated by org.testng.reporters.JUnitXMLReporter -->
<testsuite hostname="Banshankari" name="Default test" tests="6" failures="0" timestamp="8 Apr 2015 18:17:17 GMT" time="118.128" errors="0">
  <testcase name="testwithcsvcreated" time="4.128" classname="org.prasanna.test.Registertestfact"/>
  <testcase name="testwithcsvcreated" time="3.887" classname="org.prasanna.test.Registertestfact"/>
  <testcase name="testwithcsvcreated" time="4.154" classname="org.prasanna.test.Registertestfact"/>
  <testcase name="testwithcsvcreated" time="3.844" classname="org.prasanna.test.Registertestfact"/>
  <testcase name="testwithcsvcreated" time="4.161" classname="org.prasanna.test.Registertestfact"/>
  <testcase name="testwithcsvcreated" time="4.58" classname="org.prasanna.test.Registertestfact"/>
</testsuite> <!-- Default test -->
