<?xml version="1.0" encoding="UTF-8"?>
<testng-results skipped="0" failed="0" total="1" passed="1">
  <reporter-output>
  </reporter-output>
  <suite name="Default suite" duration-ms="20111" started-at="2015-04-06T18:36:16Z" finished-at="2015-04-06T18:36:36Z">
    <groups>
    </groups>
    <test name="Default test" duration-ms="20111" started-at="2015-04-06T18:36:16Z" finished-at="2015-04-06T18:36:36Z">
      <class name="org.prasanna.test.TestRegister">
        <test-method status="PASS" signature="LaunchBrowser(java.lang.String, java.lang.String)[pri:0, instance:org.prasanna.test.TestRegister@11052a99]" name="LaunchBrowser" is-config="true" duration-ms="15809" started-at="2015-04-07T00:06:16Z" finished-at="2015-04-07T00:06:32Z">
          <params>
            <param index="0">
              <value>
                <![CDATA[Firefox]]>
              </value>
            </param>
            <param index="1">
              <value>
                <![CDATA[http://newtours.demoaut.com/mercuryregister.php]]>
              </value>
            </param>
          </params>
          <reporter-output>
          </reporter-output>
        </test-method> <!-- LaunchBrowser -->
        <test-method status="PASS" signature="Singuptest()[pri:0, instance:org.prasanna.test.TestRegister@11052a99]" name="Singuptest" duration-ms="4174" started-at="2015-04-07T00:06:32Z" finished-at="2015-04-07T00:06:36Z">
          <reporter-output>
          </reporter-output>
        </test-method> <!-- Singuptest -->
        <test-method status="PASS" signature="closebrowser()[pri:0, instance:org.prasanna.test.TestRegister@11052a99]" name="closebrowser" is-config="true" duration-ms="96" started-at="2015-04-07T00:06:36Z" finished-at="2015-04-07T00:06:36Z">
          <reporter-output>
          </reporter-output>
        </test-method> <!-- closebrowser -->
      </class> <!-- org.prasanna.test.TestRegister -->
    </test> <!-- Default test -->
  </suite> <!-- Default suite -->
</testng-results>
